mode: atomic
github.com/rerost/information-retrieval-tools-go/interleaving/interleaving.go:19.118,21.16 2 4
github.com/rerost/information-retrieval-tools-go/interleaving/interleaving.go:25.2,26.16 2 3
github.com/rerost/information-retrieval-tools-go/interleaving/interleaving.go:30.2,35.8 1 3
github.com/rerost/information-retrieval-tools-go/interleaving/interleaving.go:21.16,23.3 1 1
github.com/rerost/information-retrieval-tools-go/interleaving/interleaving.go:26.16,28.3 1 0
github.com/rerost/information-retrieval-tools-go/interleaving/interleaving.go:45.45,55.23 7 3
github.com/rerost/information-retrieval-tools-go/interleaving/interleaving.go:58.2,58.23 1 3
github.com/rerost/information-retrieval-tools-go/interleaving/interleaving.go:62.2,62.54 1 2
github.com/rerost/information-retrieval-tools-go/interleaving/interleaving.go:109.2,109.15 1 1
github.com/rerost/information-retrieval-tools-go/interleaving/interleaving.go:55.23,57.3 1 0
github.com/rerost/information-retrieval-tools-go/interleaving/interleaving.go:58.23,60.3 1 1
github.com/rerost/information-retrieval-tools-go/interleaving/interleaving.go:62.54,63.32 1 5
github.com/rerost/information-retrieval-tools-go/interleaving/interleaving.go:100.3,102.35 3 4
github.com/rerost/information-retrieval-tools-go/interleaving/interleaving.go:105.3,105.35 1 3
github.com/rerost/information-retrieval-tools-go/interleaving/interleaving.go:63.32,66.11 3 5
github.com/rerost/information-retrieval-tools-go/interleaving/interleaving.go:69.4,74.11 3 5
github.com/rerost/information-retrieval-tools-go/interleaving/interleaving.go:77.4,80.5 1 4
github.com/rerost/information-retrieval-tools-go/interleaving/interleaving.go:66.11,68.5 1 0
github.com/rerost/information-retrieval-tools-go/interleaving/interleaving.go:74.11,76.5 1 1
github.com/rerost/information-retrieval-tools-go/interleaving/interleaving.go:81.9,84.11 3 0
github.com/rerost/information-retrieval-tools-go/interleaving/interleaving.go:87.4,92.11 3 0
github.com/rerost/information-retrieval-tools-go/interleaving/interleaving.go:95.4,98.5 1 0
github.com/rerost/information-retrieval-tools-go/interleaving/interleaving.go:84.11,86.5 1 0
github.com/rerost/information-retrieval-tools-go/interleaving/interleaving.go:92.11,94.5 1 0
github.com/rerost/information-retrieval-tools-go/interleaving/interleaving.go:102.35,103.9 1 1
github.com/rerost/information-retrieval-tools-go/interleaving/interleaving.go:105.35,106.9 1 0
github.com/rerost/information-retrieval-tools-go/interleaving/interleaving.go:112.76,113.43 1 10
github.com/rerost/information-retrieval-tools-go/interleaving/interleaving.go:122.2,122.17 1 1
github.com/rerost/information-retrieval-tools-go/interleaving/interleaving.go:113.43,114.61 1 12
github.com/rerost/information-retrieval-tools-go/interleaving/interleaving.go:118.3,119.20 2 9
github.com/rerost/information-retrieval-tools-go/interleaving/interleaving.go:114.61,115.12 1 3
github.com/rerost/information-retrieval-tools-go/interleaving/option.go:10.40,14.2 1 0
github.com/rerost/information-retrieval-tools-go/interleaving/option.go:16.41,18.25 2 0
github.com/rerost/information-retrieval-tools-go/interleaving/option.go:26.2,26.13 1 0
github.com/rerost/information-retrieval-tools-go/interleaving/option.go:18.25,19.15 1 0
github.com/rerost/information-retrieval-tools-go/interleaving/option.go:22.3,22.25 1 0
github.com/rerost/information-retrieval-tools-go/interleaving/option.go:19.15,20.12 1 0
github.com/rerost/information-retrieval-tools-go/interleaving/option.go:22.25,24.4 1 0
github.com/rerost/information-retrieval-tools-go/interleaving/internal/to_ranking.go:13.56,14.23 1 4
github.com/rerost/information-retrieval-tools-go/interleaving/internal/to_ranking.go:17.2,17.56 1 3
github.com/rerost/information-retrieval-tools-go/interleaving/internal/to_ranking.go:20.2,24.35 4 2
github.com/rerost/information-retrieval-tools-go/interleaving/internal/to_ranking.go:32.2,32.20 1 2
github.com/rerost/information-retrieval-tools-go/interleaving/internal/to_ranking.go:14.23,16.3 1 1
github.com/rerost/information-retrieval-tools-go/interleaving/internal/to_ranking.go:17.56,19.3 1 1
github.com/rerost/information-retrieval-tools-go/interleaving/internal/to_ranking.go:24.35,27.10 3 5
github.com/rerost/information-retrieval-tools-go/interleaving/internal/to_ranking.go:27.10,29.4 1 0
