mode: atomic
github.com/rerost/information-retrieval-tools-go/interleaving/internal/to_ranking.go:12.63,13.23 1 4
github.com/rerost/information-retrieval-tools-go/interleaving/internal/to_ranking.go:16.2,16.56 1 3
github.com/rerost/information-retrieval-tools-go/interleaving/internal/to_ranking.go:19.2,23.35 4 2
github.com/rerost/information-retrieval-tools-go/interleaving/internal/to_ranking.go:27.2,27.20 1 2
github.com/rerost/information-retrieval-tools-go/interleaving/internal/to_ranking.go:13.23,15.3 1 1
github.com/rerost/information-retrieval-tools-go/interleaving/internal/to_ranking.go:16.56,18.3 1 1
github.com/rerost/information-retrieval-tools-go/interleaving/internal/to_ranking.go:23.35,25.3 1 5
